{"/Users/eh-silva/Desktop/testing-debug/lib/order.js":{"path":"/Users/eh-silva/Desktop/testing-debug/lib/order.js","s":{"1":1,"2":1,"3":1,"4":0,"5":0,"6":0,"7":0,"8":0,"9":0,"10":1,"11":0,"12":0,"13":1,"14":0,"15":0,"16":0,"17":0,"18":0,"19":0,"20":0,"21":0,"22":0,"23":1},"b":{"1":[0,0],"2":[0,0],"3":[0,0],"4":[0,0]},"f":{"1":0,"2":0,"3":0,"4":0,"5":0},"fnMap":{"1":{"name":"findCar","line":4,"loc":{"start":{"line":4,"column":0},"end":{"line":4,"column":22}}},"2":{"name":"isInStock","line":14,"loc":{"start":{"line":14,"column":0},"end":{"line":14,"column":29}}},"3":{"name":"order","line":19,"loc":{"start":{"line":19,"column":0},"end":{"line":19,"column":35}}},"4":{"name":"(anonymous_4)","line":20,"loc":{"start":{"line":20,"column":27},"end":{"line":20,"column":37}}},"5":{"name":"(anonymous_5)","line":23,"loc":{"start":{"line":23,"column":45},"end":{"line":23,"column":63}}}},"statementMap":{"1":{"start":{"line":1,"column":0},"end":{"line":1,"column":46}},"2":{"start":{"line":2,"column":0},"end":{"line":2,"column":39}},"3":{"start":{"line":4,"column":0},"end":{"line":12,"column":1}},"4":{"start":{"line":5,"column":4},"end":{"line":5,"column":61}},"5":{"start":{"line":5,"column":37},"end":{"line":5,"column":45}},"6":{"start":{"line":6,"column":4},"end":{"line":11,"column":5}},"7":{"start":{"line":7,"column":8},"end":{"line":7,"column":47}},"8":{"start":{"line":8,"column":8},"end":{"line":8,"column":20}},"9":{"start":{"line":10,"column":8},"end":{"line":10,"column":31}},"10":{"start":{"line":14,"column":0},"end":{"line":17,"column":1}},"11":{"start":{"line":15,"column":4},"end":{"line":15,"column":28}},"12":{"start":{"line":16,"column":4},"end":{"line":16,"column":33}},"13":{"start":{"line":19,"column":0},"end":{"line":32,"column":1}},"14":{"start":{"line":20,"column":4},"end":{"line":20,"column":40}},"15":{"start":{"line":21,"column":4},"end":{"line":31,"column":5}},"16":{"start":{"line":22,"column":8},"end":{"line":22,"column":55}},"17":{"start":{"line":23,"column":8},"end":{"line":26,"column":11}},"18":{"start":{"line":24,"column":11},"end":{"line":24,"column":64}},"19":{"start":{"line":25,"column":11},"end":{"line":25,"column":30}},"20":{"start":{"line":27,"column":8},"end":{"line":27,"column":20}},"21":{"start":{"line":29,"column":8},"end":{"line":29,"column":70}},"22":{"start":{"line":30,"column":8},"end":{"line":30,"column":21}},"23":{"start":{"line":34,"column":0},"end":{"line":34,"column":32}}},"branchMap":{"1":{"line":6,"type":"if","locations":[{"start":{"line":6,"column":4},"end":{"line":6,"column":4}},{"start":{"line":6,"column":4},"end":{"line":6,"column":4}}]},"2":{"line":16,"type":"binary-expr","locations":[{"start":{"line":16,"column":11},"end":{"line":16,"column":14}},{"start":{"line":16,"column":18},"end":{"line":16,"column":32}}]},"3":{"line":20,"type":"binary-expr","locations":[{"start":{"line":20,"column":15},"end":{"line":20,"column":23}},{"start":{"line":20,"column":27},"end":{"line":20,"column":39}}]},"4":{"line":21,"type":"if","locations":[{"start":{"line":21,"column":4},"end":{"line":21,"column":4}},{"start":{"line":21,"column":4},"end":{"line":21,"column":4}}]}}},"/Users/eh-silva/Desktop/testing-debug/lib/warehouse.js":{"path":"/Users/eh-silva/Desktop/testing-debug/lib/warehouse.js","s":{"1":1,"2":0,"3":1},"b":{},"f":{"1":0},"fnMap":{"1":{"name":"shipping","line":1,"loc":{"start":{"line":1,"column":0},"end":{"line":1,"column":38}}}},"statementMap":{"1":{"start":{"line":1,"column":0},"end":{"line":3,"column":1}},"2":{"start":{"line":2,"column":2},"end":{"line":2,"column":26}},"3":{"start":{"line":5,"column":0},"end":{"line":5,"column":42}}},"branchMap":{}},"/Users/eh-silva/Desktop/testing-debug/lib/tools.js":{"path":"/Users/eh-silva/Desktop/testing-debug/lib/tools.js","s":{"1":1,"2":1,"3":1,"4":1,"5":1,"6":1,"7":1,"8":1,"9":1,"10":1,"11":1},"b":{},"f":{"1":1,"2":1,"3":1,"4":1,"5":1},"fnMap":{"1":{"name":"(anonymous_1)","line":5,"loc":{"start":{"line":5,"column":13},"end":{"line":5,"column":21}}},"2":{"name":"(anonymous_2)","line":9,"loc":{"start":{"line":9,"column":12},"end":{"line":9,"column":30}}},"3":{"name":"(anonymous_3)","line":13,"loc":{"start":{"line":13,"column":23},"end":{"line":13,"column":36}}},"4":{"name":"(anonymous_4)","line":18,"loc":{"start":{"line":18,"column":27},"end":{"line":18,"column":41}}},"5":{"name":"(anonymous_5)","line":22,"loc":{"start":{"line":22,"column":26},"end":{"line":22,"column":36}}}},"statementMap":{"1":{"start":{"line":1,"column":0},"end":{"line":1,"column":29}},"2":{"start":{"line":3,"column":0},"end":{"line":27,"column":1}},"3":{"start":{"line":6,"column":8},"end":{"line":6,"column":49}},"4":{"start":{"line":11,"column":8},"end":{"line":11,"column":81}},"5":{"start":{"line":13,"column":8},"end":{"line":25,"column":11}},"6":{"start":{"line":14,"column":11},"end":{"line":14,"column":25}},"7":{"start":{"line":16,"column":12},"end":{"line":16,"column":37}},"8":{"start":{"line":18,"column":12},"end":{"line":20,"column":15}},"9":{"start":{"line":19,"column":15},"end":{"line":19,"column":28}},"10":{"start":{"line":22,"column":12},"end":{"line":24,"column":15}},"11":{"start":{"line":23,"column":16},"end":{"line":23,"column":31}}},"branchMap":{}}}